<?xml version="1.0" encoding="UTF-8"?>
<testng-results skipped="0" failed="0" total="1" passed="1">
  <reporter-output>
  </reporter-output>
  <suite name="Default suite" duration-ms="108331" started-at="2017-08-31T07:09:39Z" finished-at="2017-08-31T07:11:27Z">
    <groups>
      <group name="regression">
        <method signature="GS1_Login.GS1_Login()[pri:0, instance:com.web.poc.script.GS1_Login@2a17b7b6]" name="GS1_Login" class="com.web.poc.script.GS1_Login"/>
      </group> <!-- regression -->
      <group name="smoke">
        <method signature="GS1_Login.GS1_Login()[pri:0, instance:com.web.poc.script.GS1_Login@2a17b7b6]" name="GS1_Login" class="com.web.poc.script.GS1_Login"/>
      </group> <!-- smoke -->
    </groups>
    <test name="Default test" duration-ms="108331" started-at="2017-08-31T07:09:39Z" finished-at="2017-08-31T07:11:27Z">
      <class name="com.web.poc.script.GS1_Login">
        <test-method status="PASS" signature="beforeSuite(org.testng.ITestContext)[pri:0, instance:com.web.poc.script.GS1_Login@2a17b7b6]" name="beforeSuite" is-config="true" duration-ms="347" started-at="2017-08-31T12:39:39Z" finished-at="2017-08-31T12:39:39Z">
          <params>
            <param index="0">
              <value>
                <![CDATA[org.testng.TestRunner@3ad394e6]]>
              </value>
            </param>
          </params>
          <reporter-output>
          </reporter-output>
        </test-method> <!-- beforeSuite -->
        <test-method status="PASS" signature="beforeTest(org.testng.ITestContext)[pri:0, instance:com.web.poc.script.GS1_Login@2a17b7b6]" name="beforeTest" is-config="true" duration-ms="1770" started-at="2017-08-31T12:39:39Z" finished-at="2017-08-31T12:39:41Z">
          <params>
            <param index="0">
              <value>
                <![CDATA[org.testng.TestRunner@3ad394e6]]>
              </value>
            </param>
          </params>
          <reporter-output>
          </reporter-output>
        </test-method> <!-- beforeTest -->
        <test-method status="PASS" signature="beforeClass()[pri:0, instance:com.web.poc.script.GS1_Login@2a17b7b6]" name="beforeClass" is-config="true" duration-ms="43165" started-at="2017-08-31T12:39:41Z" finished-at="2017-08-31T12:40:24Z">
          <reporter-output>
          </reporter-output>
        </test-method> <!-- beforeClass -->
        <test-method status="PASS" signature="beforeMethod(java.lang.reflect.Method)[pri:0, instance:com.web.poc.script.GS1_Login@2a17b7b6]" name="beforeMethod" is-config="true" duration-ms="618" started-at="2017-08-31T12:40:24Z" finished-at="2017-08-31T12:40:25Z">
          <params>
            <param index="0">
              <value>
                <![CDATA[public void com.web.poc.script.GS1_Login.GS1_Login() throws java.lang.Throwable]]>
              </value>
            </param>
          </params>
          <reporter-output>
          </reporter-output>
        </test-method> <!-- beforeMethod -->
        <test-method status="PASS" signature="beforeMethod()[pri:0, instance:com.web.poc.script.GS1_Login@2a17b7b6]" name="beforeMethod" is-config="true" duration-ms="1899" started-at="2017-08-31T12:40:25Z" finished-at="2017-08-31T12:40:26Z">
          <reporter-output>
          </reporter-output>
        </test-method> <!-- beforeMethod -->
        <test-method status="PASS" signature="GS1_Login()[pri:0, instance:com.web.poc.script.GS1_Login@2a17b7b6]" name="GS1_Login" duration-ms="35330" started-at="2017-08-31T12:40:26Z" description="GS1" finished-at="2017-08-31T12:41:02Z">
          <reporter-output>
          </reporter-output>
        </test-method> <!-- GS1_Login -->
        <test-method status="PASS" signature="afterMethod(java.lang.reflect.Method, org.testng.ITestResult)[pri:0, instance:com.web.poc.script.GS1_Login@2a17b7b6]" name="afterMethod" is-config="true" duration-ms="1703" started-at="2017-08-31T12:41:02Z" finished-at="2017-08-31T12:41:03Z">
          <params>
            <param index="0">
              <value>
                <![CDATA[public void com.web.poc.script.GS1_Login.GS1_Login() throws java.lang.Throwable]]>
              </value>
            </param>
            <param index="1">
              <value>
                <![CDATA[[TestResult name=GS1_Login status=SUCCESS method=GS1_Login.GS1_Login()[pri:0, instance:com.web.poc.script.GS1_Login@2a17b7b6] output={null}]]]>
              </value>
            </param>
          </params>
          <reporter-output>
          </reporter-output>
        </test-method> <!-- afterMethod -->
        <test-method status="PASS" signature="afterClass()[pri:0, instance:com.web.poc.script.GS1_Login@2a17b7b6]" name="afterClass" is-config="true" duration-ms="23812" started-at="2017-08-31T12:41:03Z" finished-at="2017-08-31T12:41:27Z">
          <reporter-output>
          </reporter-output>
        </test-method> <!-- afterClass -->
        <test-method status="PASS" signature="afterTest()[pri:0, instance:com.web.poc.script.GS1_Login@2a17b7b6]" name="afterTest" is-config="true" duration-ms="8" started-at="2017-08-31T12:41:27Z" finished-at="2017-08-31T12:41:27Z">
          <reporter-output>
          </reporter-output>
        </test-method> <!-- afterTest -->
        <test-method status="PASS" signature="afterSuite()[pri:0, instance:com.web.poc.script.GS1_Login@2a17b7b6]" name="afterSuite" is-config="true" duration-ms="155" started-at="2017-08-31T12:41:27Z" finished-at="2017-08-31T12:41:28Z">
          <reporter-output>
          </reporter-output>
        </test-method> <!-- afterSuite -->
      </class> <!-- com.web.poc.script.GS1_Login -->
    </test> <!-- Default test -->
  </suite> <!-- Default suite -->
</testng-results>
