<?xml version="1.0" encoding="UTF-8"?>
<testng-results skipped="0" failed="0" ignored="0" total="1" passed="1">
  <reporter-output>
  </reporter-output>
  <suite name="Default suite" duration-ms="10042" started-at="2017-08-31T07:32:48Z" finished-at="2017-08-31T07:32:58Z">
    <groups>
      <group name="regression">
        <method signature="GS1_PipeLine.GS1_PipeLine(java.lang.String)[pri:0, instance:com.web.poc.script.GS1_PipeLine@50d0686]" name="GS1_PipeLine" class="com.web.poc.script.GS1_PipeLine"/>
      </group> <!-- regression -->
      <group name="smoke">
        <method signature="GS1_PipeLine.GS1_PipeLine(java.lang.String)[pri:0, instance:com.web.poc.script.GS1_PipeLine@50d0686]" name="GS1_PipeLine" class="com.web.poc.script.GS1_PipeLine"/>
      </group> <!-- smoke -->
    </groups>
    <test name="Default test" duration-ms="10042" started-at="2017-08-31T07:32:48Z" finished-at="2017-08-31T07:32:58Z">
      <class name="com.web.poc.script.GS1_PipeLine">
        <test-method status="PASS" signature="GS1_PipeLine(java.lang.String)[pri:0, instance:com.web.poc.script.GS1_PipeLine@50d0686]" name="GS1_PipeLine" duration-ms="10013" started-at="2017-08-31T13:02:48Z" description="GS1" finished-at="2017-08-31T13:02:58Z">
          <params>
            <param index="0">
              <value>
                <![CDATA[5]]>
              </value>
            </param>
          </params>
          <reporter-output>
          </reporter-output>
        </test-method> <!-- GS1_PipeLine -->
      </class> <!-- com.web.poc.script.GS1_PipeLine -->
    </test> <!-- Default test -->
  </suite> <!-- Default suite -->
</testng-results>
